2014-08-14 15:35:45,704 DEBUG    root            Metrics started...
2014-08-14 15:35:45,727 DEBUG    root            Running gcloud.auth.login with _Args({'account': None,
 'do_not_activate': False,
 'force': False,
 'format': None,
 'h': None,
 'help': None,
 'launch_browser': True,
 'project': None,
 'quiet': None,
 'shell': None,
 'user_output_enabled': None,
 'verbosity': None}).
2014-08-14 15:35:45,761 WARNING  root            Failed to start a local webserver listening on any port between 8085 and 8186. Please check your firewall settings or locally running programs that may be blocking or using those ports.
2014-08-14 15:35:45,761 WARNING  root            Defaulting to URL copy/paste mode.
2014-08-14 15:35:45,762 INFO     ___FILE_ONLY___ Go to the following link in your browser:

    https://accounts.google.com/o/oauth2/auth?redirect_uri=urn%3Aietf%3Awg%3Aoauth%3A2.0%3Aoob&prompt=select_account&response_type=code&client_id=32555940559.apps.googleusercontent.com&scope=https%3A%2F%2Fwww.googleapis.com%2Fauth%2Fappengine.admin+https%3A%2F%2Fwww.googleapis.com%2Fauth%2Fbigquery+https%3A%2F%2Fwww.googleapis.com%2Fauth%2Fcompute+https%3A%2F%2Fwww.googleapis.com%2Fauth%2Fdevstorage.full_control+https%3A%2F%2Fwww.googleapis.com%2Fauth%2Fuserinfo.email+https%3A%2F%2Fwww.googleapis.com%2Fauth%2Fndev.cloudman+https%3A%2F%2Fwww.googleapis.com%2Fauth%2Fcloud-platform+https%3A%2F%2Fwww.googleapis.com%2Fauth%2Fsqlservice.admin+https%3A%2F%2Fwww.googleapis.com%2Fauth%2Fprediction+https%3A%2F%2Fwww.googleapis.com%2Fauth%2Fprojecthosting&access_type=offline


2014-08-14 15:35:46,284 DEBUG    root            Sent event: Event(category='Executions', action='gcloud', label=u'2014.08.12', value=0)
2014-08-14 15:35:46,712 DEBUG    root            Sent event: Event(category='Commands', action='gcloud.auth.login', label='unknown', value=0)
2014-08-14 15:36:20,598 INFO     oauth2client.client Successfully retrieved access token
2014-08-14 15:36:20,712 DEBUG    oauth2client.multistore_file Initializing empty multistore file
2014-08-14 15:36:20,728 INFO     ___FILE_ONLY___ 
You are now logged in as [krishna.ecnriit@gmail.com].
Your current project is [eastern-art-671].  You can change this setting by running:
  $ gcloud config set project <project>

2014-08-14 15:36:21,290 DEBUG    root            Shutting down metrics...
